<?xml version="1.0" encoding="UTF-8"?>
<coverage generated="1685043760403" clover="3.2.0">
  <project timestamp="1685043760403" name="All files">
    <metrics statements="13" coveredstatements="13" conditionals="0" coveredconditionals="0" methods="7" coveredmethods="7" elements="20" coveredelements="20" complexity="0" loc="13" ncloc="13" packages="1" files="1" classes="1"/>
    <file name="MapsInClass.tsx" path="/Users/e.devoffice0083/Desktop/Prafultraninig1158/bottomsheet/components/MapsInClass.tsx">
      <metrics statements="13" coveredstatements="13" conditionals="0" coveredconditionals="0" methods="7" coveredmethods="7"/>
      <line num="20" count="2" type="stmt"/>
      <line num="21" count="2" type="stmt"/>
      <line num="22" count="2" type="stmt"/>
      <line num="50" count="2" type="stmt"/>
      <line num="51" count="1" type="stmt"/>
      <line num="58" count="2" type="stmt"/>
      <line num="59" count="2" type="stmt"/>
      <line num="61" count="2" type="stmt"/>
      <line num="76" count="2" type="stmt"/>
      <line num="79" count="5" type="stmt"/>
      <line num="93" count="2" type="stmt"/>
      <line num="98" count="1" type="stmt"/>
      <line num="119" count="1" type="stmt"/>
    </file>
  </project>
</coverage>
