{"/Users/e.devoffice0083/Desktop/Prafultraninig1158/bottomsheet/components/MapsInClass.tsx": {"path":"/Users/e.devoffice0083/Desktop/Prafultraninig1158/bottomsheet/components/MapsInClass.tsx","statementMap":{"0":{"start":{"line":20,"column":4},"end":{"line":20,"column":17}},"1":{"start":{"line":21,"column":4},"end":{"line":21,"column":65}},"2":{"start":{"line":22,"column":4},"end":{"line":22,"column":36}},"3":{"start":{"line":50,"column":12},"end":{"line":57,"column":3}},"4":{"start":{"line":51,"column":17},"end":{"line":54,"column":6}},"5":{"start":{"line":58,"column":16},"end":{"line":73,"column":3}},"6":{"start":{"line":59,"column":4},"end":{"line":72,"column":6}},"7":{"start":{"line":61,"column":8},"end":{"line":64,"column":11}},"8":{"start":{"line":76,"column":4},"end":{"line":76,"column":23}},"9":{"start":{"line":79,"column":4},"end":{"line":115,"column":6}},"10":{"start":{"line":93,"column":10},"end":{"line":96,"column":13}},"11":{"start":{"line":98,"column":10},"end":{"line":98,"column":53}},"12":{"start":{"line":119,"column":15},"end":{"line":124,"column":2}}},"fnMap":{"0":{"name":"(anonymous_0)","decl":{"start":{"line":19,"column":2},"end":{"line":19,"column":3}},"loc":{"start":{"line":19,"column":29},"end":{"line":23,"column":3}},"line":19},"1":{"name":"(anonymous_1)","decl":{"start":{"line":50,"column":12},"end":{"line":50,"column":13}},"loc":{"start":{"line":50,"column":34},"end":{"line":57,"column":3}},"line":50},"2":{"name":"(anonymous_2)","decl":{"start":{"line":58,"column":16},"end":{"line":58,"column":17}},"loc":{"start":{"line":58,"column":22},"end":{"line":73,"column":3}},"line":58},"3":{"name":"(anonymous_3)","decl":{"start":{"line":60,"column":6},"end":{"line":60,"column":7}},"loc":{"start":{"line":60,"column":25},"end":{"line":65,"column":7}},"line":60},"4":{"name":"(anonymous_4)","decl":{"start":{"line":75,"column":2},"end":{"line":75,"column":3}},"loc":{"start":{"line":75,"column":28},"end":{"line":77,"column":3}},"line":75},"5":{"name":"(anonymous_5)","decl":{"start":{"line":78,"column":2},"end":{"line":78,"column":3}},"loc":{"start":{"line":78,"column":11},"end":{"line":116,"column":3}},"line":78},"6":{"name":"(anonymous_6)","decl":{"start":{"line":92,"column":17},"end":{"line":92,"column":18}},"loc":{"start":{"line":92,"column":26},"end":{"line":99,"column":9}},"line":92}},"branchMap":{},"s":{"0":2,"1":2,"2":2,"3":2,"4":1,"5":2,"6":2,"7":2,"8":2,"9":5,"10":2,"11":1,"12":1},"f":{"0":2,"1":1,"2":2,"3":2,"4":2,"5":5,"6":2},"b":{},"_coverageSchema":"1a1c01bbd47fc00a2c39e90264f33305004495a9","hash":"06435d7990c70c486a82190a33494a7fe8fa8cb2"}
}
